<?xml version="1.0" encoding="UTF-8"?>
<testng-results skipped="0" failed="0" total="1" passed="1">
  <reporter-output>
  </reporter-output>
  <suite name="Suite" duration-ms="26159" started-at="2018-05-17T18:40:08Z" finished-at="2018-05-17T18:40:34Z">
    <groups>
    </groups>
    <test name="Test" duration-ms="26159" started-at="2018-05-17T18:40:08Z" finished-at="2018-05-17T18:40:34Z">
      <class name="com.Test.FirstCry.Test.com.Test.FirstCry.Automation.Test.LoginPage">
        <test-method status="PASS" signature="launchDriver()[pri:0, instance:com.Test.FirstCry.Test.com.Test.FirstCry.Automation.Test.LoginPage@52af26ee]" name="launchDriver" is-config="true" duration-ms="74234" started-at="2018-05-18T00:08:54Z" finished-at="2018-05-18T00:10:08Z">
          <reporter-output>
          </reporter-output>
        </test-method> <!-- launchDriver -->
        <test-method status="PASS" signature="login()[pri:0, instance:com.Test.FirstCry.Test.com.Test.FirstCry.Automation.Test.LoginPage@52af26ee]" name="login" duration-ms="26132" started-at="2018-05-18T00:10:08Z" finished-at="2018-05-18T00:10:34Z">
          <reporter-output>
          </reporter-output>
        </test-method> <!-- login -->
        <test-method status="PASS" signature="closeBrowser()[pri:0, instance:com.Test.FirstCry.Test.com.Test.FirstCry.Automation.Test.LoginPage@52af26ee]" name="closeBrowser" is-config="true" duration-ms="2099" started-at="2018-05-18T00:10:35Z" finished-at="2018-05-18T00:10:37Z">
          <reporter-output>
          </reporter-output>
        </test-method> <!-- closeBrowser -->
      </class> <!-- com.Test.FirstCry.Test.com.Test.FirstCry.Automation.Test.LoginPage -->
    </test> <!-- Test -->
  </suite> <!-- Suite -->
</testng-results>
